Performing C SOURCE FILE Test CMAKE_HAVE_LIBC_PTHREAD failed with the following output:
Change Dir: /home/mwisniewski/CLionProjects/SO2P_2/cmake-build-release/CMakeFiles/CMakeTmp

Run Build Command(s):/usr/bin/gmake cmTC_9524c/fast && /usr/bin/gmake -f CMakeFiles/cmTC_9524c.dir/build.make CMakeFiles/cmTC_9524c.dir/build
gmake[1]: Entering directory '/home/mwisniewski/CLionProjects/SO2P_2/cmake-build-release/CMakeFiles/CMakeTmp'
Building C object CMakeFiles/cmTC_9524c.dir/src.c.o
/usr/bin/cc   -DCMAKE_HAVE_LIBC_PTHREAD   -o CMakeFiles/cmTC_9524c.dir/src.c.o   -c /home/mwisniewski/CLionProjects/SO2P_2/cmake-build-release/CMakeFiles/CMakeTmp/src.c
Linking C executable cmTC_9524c
/var/lib/snapd/snap/clion/107/bin/cmake/linux/bin/cmake -E cmake_link_script CMakeFiles/cmTC_9524c.dir/link.txt --verbose=1
/usr/bin/cc  -DCMAKE_HAVE_LIBC_PTHREAD    CMakeFiles/cmTC_9524c.dir/src.c.o  -o cmTC_9524c 
/usr/bin/ld: CMakeFiles/cmTC_9524c.dir/src.c.o: in function `main':
src.c:(.text+0x2d): undefined reference to `pthread_create'
/usr/bin/ld: src.c:(.text+0x39): undefined reference to `pthread_detach'
/usr/bin/ld: src.c:(.text+0x4a): undefined reference to `pthread_join'
collect2: error: ld returned 1 exit status
gmake[1]: *** [CMakeFiles/cmTC_9524c.dir/build.make:87: cmTC_9524c] Error 1
gmake[1]: Leaving directory '/home/mwisniewski/CLionProjects/SO2P_2/cmake-build-release/CMakeFiles/CMakeTmp'
gmake: *** [Makefile:121: cmTC_9524c/fast] Error 2


Source file was:
#include <pthread.h>

void* test_func(void* data)
{
  return data;
}

int main(void)
{
  pthread_t thread;
  pthread_create(&thread, NULL, test_func, NULL);
  pthread_detach(thread);
  pthread_join(thread, NULL);
  pthread_atfork(NULL, NULL, NULL);
  pthread_exit(NULL);

  return 0;
}

Determining if the function pthread_create exists in the pthreads failed with the following output:
Change Dir: /home/mwisniewski/CLionProjects/SO2P_2/cmake-build-release/CMakeFiles/CMakeTmp

Run Build Command(s):/usr/bin/gmake cmTC_a066e/fast && /usr/bin/gmake -f CMakeFiles/cmTC_a066e.dir/build.make CMakeFiles/cmTC_a066e.dir/build
gmake[1]: Entering directory '/home/mwisniewski/CLionProjects/SO2P_2/cmake-build-release/CMakeFiles/CMakeTmp'
Building C object CMakeFiles/cmTC_a066e.dir/CheckFunctionExists.c.o
/usr/bin/cc   -DCHECK_FUNCTION_EXISTS=pthread_create   -o CMakeFiles/cmTC_a066e.dir/CheckFunctionExists.c.o   -c /var/lib/snapd/snap/clion/107/bin/cmake/linux/share/cmake-3.15/Modules/CheckFunctionExists.c
Linking C executable cmTC_a066e
/var/lib/snapd/snap/clion/107/bin/cmake/linux/bin/cmake -E cmake_link_script CMakeFiles/cmTC_a066e.dir/link.txt --verbose=1
/usr/bin/cc  -DCHECK_FUNCTION_EXISTS=pthread_create    CMakeFiles/cmTC_a066e.dir/CheckFunctionExists.c.o  -o cmTC_a066e -lpthreads 
/usr/bin/ld: cannot find -lpthreads
collect2: error: ld returned 1 exit status
gmake[1]: *** [CMakeFiles/cmTC_a066e.dir/build.make:87: cmTC_a066e] Error 1
gmake[1]: Leaving directory '/home/mwisniewski/CLionProjects/SO2P_2/cmake-build-release/CMakeFiles/CMakeTmp'
gmake: *** [Makefile:121: cmTC_a066e/fast] Error 2



